0 info it worked if it ends with ok
1 verbose cli [ '/usr/local/bin/node',
1 verbose cli   '/usr/local/bin/npm',
1 verbose cli   'install',
1 verbose cli   'ejs',
1 verbose cli   '--save' ]
2 info using npm@3.10.3
3 info using node@v6.7.0
4 silly loadCurrentTree Starting
5 silly install loadCurrentTree
6 silly install readLocalPackageData
7 silly fetchPackageMetaData ejs@^2.4.2
8 silly fetchNamedPackageData ejs
9 silly mapToRegistry name ejs
10 silly mapToRegistry using default registry
11 silly mapToRegistry registry https://registry.npmjs.org/
12 silly mapToRegistry data Result {
12 silly mapToRegistry   raw: 'ejs',
12 silly mapToRegistry   scope: null,
12 silly mapToRegistry   escapedName: 'ejs',
12 silly mapToRegistry   name: 'ejs',
12 silly mapToRegistry   rawSpec: '',
12 silly mapToRegistry   spec: 'latest',
12 silly mapToRegistry   type: 'tag' }
13 silly mapToRegistry uri https://registry.npmjs.org/ejs
14 verbose request uri https://registry.npmjs.org/ejs
15 verbose request no auth needed
16 info attempt registry request try #1 at 7:03:53 PM
17 verbose request id 9152e567ecf2f0f0
18 verbose etag "5ac19e59-12840"
19 verbose lastModified Mon, 2 Apr 2018 3:07:05 GMT
20 http request GET https://registry.npmjs.org/ejs
21 http 304 https://registry.npmjs.org/ejs
22 verbose headers { date: 'Sat, 14 Apr 2018 23:03:53 GMT',
22 verbose headers   via: '1.1 varnish',
22 verbose headers   'cache-control': 'max-age=300',
22 verbose headers   etag: '"5ac19e59-12840"',
22 verbose headers   age: '10748',
22 verbose headers   connection: 'keep-alive',
22 verbose headers   'x-served-by': 'cache-ewr18142-EWR',
22 verbose headers   'x-cache': 'HIT',
22 verbose headers   'x-cache-hits': '16',
22 verbose headers   'x-timer': 'S1523747034.776178,VS0,VE0',
22 verbose headers   vary: 'Accept-Encoding, Accept' }
23 silly get cb [ 304,
23 silly get   { date: 'Sat, 14 Apr 2018 23:03:53 GMT',
23 silly get     via: '1.1 varnish',
23 silly get     'cache-control': 'max-age=300',
23 silly get     etag: '"5ac19e59-12840"',
23 silly get     age: '10748',
23 silly get     connection: 'keep-alive',
23 silly get     'x-served-by': 'cache-ewr18142-EWR',
23 silly get     'x-cache': 'HIT',
23 silly get     'x-cache-hits': '16',
23 silly get     'x-timer': 'S1523747034.776178,VS0,VE0',
23 silly get     vary: 'Accept-Encoding, Accept' } ]
24 verbose etag https://registry.npmjs.org/ejs from cache
25 verbose get saving ejs to /Users/Arcadio/.npm/registry.npmjs.org/ejs/.cache.json
26 verbose correctMkdir /Users/Arcadio/.npm correctMkdir not in flight; initializing
27 silly install normalizeTree
28 silly loadCurrentTree Finishing
29 silly loadIdealTree Starting
30 silly install loadIdealTree
31 silly cloneCurrentTree Starting
32 silly install cloneCurrentTreeToIdealTree
33 silly cloneCurrentTree Finishing
34 silly loadShrinkwrap Starting
35 silly install loadShrinkwrap
36 silly loadShrinkwrap Finishing
37 silly loadAllDepsIntoIdealTree Starting
38 silly install loadAllDepsIntoIdealTree
39 silly resolveWithNewModule ejs@2.5.8 checking installable status
40 silly cache add args [ 'ejs@^2.4.2', null ]
41 verbose cache add spec ejs@^2.4.2
42 silly cache add parsed spec Result {
42 silly cache add   raw: 'ejs@^2.4.2',
42 silly cache add   scope: null,
42 silly cache add   escapedName: 'ejs',
42 silly cache add   name: 'ejs',
42 silly cache add   rawSpec: '^2.4.2',
42 silly cache add   spec: '>=2.4.2 <3.0.0',
42 silly cache add   type: 'range' }
43 silly addNamed ejs@>=2.4.2 <3.0.0
44 verbose addNamed ">=2.4.2 <3.0.0" is a valid semver range for ejs
45 silly addNameRange { name: 'ejs', range: '>=2.4.2 <3.0.0', hasData: false }
46 silly mapToRegistry name ejs
47 silly mapToRegistry using default registry
48 silly mapToRegistry registry https://registry.npmjs.org/
49 silly mapToRegistry data Result {
49 silly mapToRegistry   raw: 'ejs',
49 silly mapToRegistry   scope: null,
49 silly mapToRegistry   escapedName: 'ejs',
49 silly mapToRegistry   name: 'ejs',
49 silly mapToRegistry   rawSpec: '',
49 silly mapToRegistry   spec: 'latest',
49 silly mapToRegistry   type: 'tag' }
50 silly mapToRegistry uri https://registry.npmjs.org/ejs
51 verbose addNameRange registry:https://registry.npmjs.org/ejs not in flight; fetching
52 verbose get https://registry.npmjs.org/ejs not expired, no request
53 silly addNameRange number 2 { name: 'ejs', range: '>=2.4.2 <3.0.0', hasData: true }
54 silly addNameRange versions [ 'ejs',
54 silly addNameRange   [ '0.0.1',
54 silly addNameRange     '0.0.2',
54 silly addNameRange     '0.0.3',
54 silly addNameRange     '0.0.4',
54 silly addNameRange     '0.1.0',
54 silly addNameRange     '0.2.0',
54 silly addNameRange     '0.2.1',
54 silly addNameRange     '0.3.0',
54 silly addNameRange     '0.3.1',
54 silly addNameRange     '0.4.0',
54 silly addNameRange     '0.4.1',
54 silly addNameRange     '0.4.2',
54 silly addNameRange     '0.4.3',
54 silly addNameRange     '0.5.0',
54 silly addNameRange     '0.6.0',
54 silly addNameRange     '0.6.1',
54 silly addNameRange     '0.7.0',
54 silly addNameRange     '0.7.1',
54 silly addNameRange     '0.7.2',
54 silly addNameRange     '0.8.0',
54 silly addNameRange     '0.8.1',
54 silly addNameRange     '0.8.2',
54 silly addNameRange     '0.8.3',
54 silly addNameRange     '0.8.4',
54 silly addNameRange     '0.8.5',
54 silly addNameRange     '0.8.6',
54 silly addNameRange     '0.8.8',
54 silly addNameRange     '1.0.0',
54 silly addNameRange     '2.0.2',
54 silly addNameRange     '2.0.3',
54 silly addNameRange     '2.0.4',
54 silly addNameRange     '2.0.5',
54 silly addNameRange     '2.0.6',
54 silly addNameRange     '2.0.7',
54 silly addNameRange     '2.0.8',
54 silly addNameRange     '2.1.1',
54 silly addNameRange     '2.1.2',
54 silly addNameRange     '2.1.3',
54 silly addNameRange     '2.1.4',
54 silly addNameRange     '2.2.1',
54 silly addNameRange     '2.2.2',
54 silly addNameRange     '2.2.3',
54 silly addNameRange     '2.2.4',
54 silly addNameRange     '2.3.1',
54 silly addNameRange     '2.3.2',
54 silly addNameRange     '2.3.3',
54 silly addNameRange     '2.3.4',
54 silly addNameRange     '2.4.1',
54 silly addNameRange     '2.4.2',
54 silly addNameRange     '2.5.1',
54 silly addNameRange     '2.5.2',
54 silly addNameRange     '2.5.3',
54 silly addNameRange     '2.5.4',
54 silly addNameRange     '2.5.5',
54 silly addNameRange     '2.5.6',
54 silly addNameRange     '2.5.7',
54 silly addNameRange     '2.5.8' ] ]
55 silly addNamed ejs@2.5.8
56 verbose addNamed "2.5.8" is a plain semver version for ejs
57 silly cache afterAdd ejs@2.5.8
58 verbose afterAdd /Users/Arcadio/.npm/ejs/2.5.8/package/package.json not in flight; writing
59 verbose correctMkdir /Users/Arcadio/.npm correctMkdir not in flight; initializing
60 verbose afterAdd /Users/Arcadio/.npm/ejs/2.5.8/package/package.json written
61 silly loadAllDepsIntoIdealTree Finishing
62 silly loadIdealTree Finishing
63 silly currentTree expressjs@1.0.0
63 silly currentTree ├── accepts@1.3.5
63 silly currentTree ├── ansi-regex@2.1.1
63 silly currentTree ├── array-flatten@1.1.1
63 silly currentTree ├── body-parser@1.18.2
63 silly currentTree ├── bytes@3.0.0
63 silly currentTree ├── cli-color@1.1.0
63 silly currentTree ├── commander@2.9.0
63 silly currentTree ├── content-disposition@0.5.2
63 silly currentTree ├── content-type@1.0.4
63 silly currentTree ├── cookie-signature@1.0.6
63 silly currentTree ├── cookie@0.3.1
63 silly currentTree ├── d@0.1.1
63 silly currentTree ├── death@1.0.0
63 silly currentTree ├── debug@2.6.9
63 silly currentTree ├── depd@1.1.2
63 silly currentTree ├── destroy@1.0.4
63 silly currentTree ├── ee-first@1.1.1
63 silly currentTree ├── ejs@2.5.8
63 silly currentTree ├── encodeurl@1.0.2
63 silly currentTree ├── es5-ext@0.10.42
63 silly currentTree ├─┬ es6-iterator@2.0.3
63 silly currentTree │ └── d@1.0.0
63 silly currentTree ├─┬ es6-symbol@3.1.1
63 silly currentTree │ └── d@1.0.0
63 silly currentTree ├─┬ es6-weak-map@0.1.4
63 silly currentTree │ ├── es6-iterator@0.1.3
63 silly currentTree │ └── es6-symbol@2.0.1
63 silly currentTree ├── escape-html@1.0.3
63 silly currentTree ├── etag@1.8.1
63 silly currentTree ├─┬ event-emitter@0.3.5
63 silly currentTree │ └── d@1.0.0
63 silly currentTree ├── express@4.16.3
63 silly currentTree ├── finalhandler@1.1.1
63 silly currentTree ├── forwarded@0.1.2
63 silly currentTree ├── fresh@0.5.2
63 silly currentTree ├── graceful-readlink@1.0.1
63 silly currentTree ├── http-errors@1.6.3
63 silly currentTree ├── iconv-lite@0.4.19
63 silly currentTree ├── inherits@2.0.3
63 silly currentTree ├── ipaddr.js@1.6.0
63 silly currentTree ├── lru-queue@0.1.0
63 silly currentTree ├── media-typer@0.3.0
63 silly currentTree ├─┬ memoizee@0.3.10
63 silly currentTree │ └── next-tick@0.2.2
63 silly currentTree ├── merge-descriptors@1.0.1
63 silly currentTree ├── methods@1.1.2
63 silly currentTree ├── mime-db@1.33.0
63 silly currentTree ├── mime-types@2.1.18
63 silly currentTree ├── mime@1.4.1
63 silly currentTree ├── minimist@1.2.0
63 silly currentTree ├── ms@2.0.0
63 silly currentTree ├── negotiator@0.6.1
63 silly currentTree ├── next-tick@1.0.0
63 silly currentTree ├── on-finished@2.3.0
63 silly currentTree ├── open@0.0.5
63 silly currentTree ├── options@0.0.6
63 silly currentTree ├── parseurl@1.3.2
63 silly currentTree ├── path-to-regexp@0.1.7
63 silly currentTree ├── proxy-addr@2.0.3
63 silly currentTree ├── qs@6.5.1
63 silly currentTree ├── range-parser@1.2.0
63 silly currentTree ├─┬ raw-body@2.3.2
63 silly currentTree │ ├── depd@1.1.1
63 silly currentTree │ ├── http-errors@1.6.2
63 silly currentTree │ └── setprototypeof@1.0.3
63 silly currentTree ├─┬ reload@1.1.7
63 silly currentTree │ ├── debug@2.2.0
63 silly currentTree │ ├── etag@1.7.0
63 silly currentTree │ ├── express@4.14.1
63 silly currentTree │ ├── finalhandler@0.5.1
63 silly currentTree │ ├── fresh@0.3.0
63 silly currentTree │ ├── http-errors@1.5.1
63 silly currentTree │ ├── ipaddr.js@1.4.0
63 silly currentTree │ ├── mime@1.3.4
63 silly currentTree │ ├── ms@0.7.1
63 silly currentTree │ ├── proxy-addr@1.1.5
63 silly currentTree │ ├── qs@6.2.0
63 silly currentTree │ ├─┬ send@0.14.2
63 silly currentTree │ │ └── ms@0.7.2
63 silly currentTree │ ├── serve-static@1.11.2
63 silly currentTree │ ├── setprototypeof@1.0.2
63 silly currentTree │ ├── statuses@1.3.1
63 silly currentTree │ └── utils-merge@1.0.0
63 silly currentTree ├── safe-buffer@5.1.1
63 silly currentTree ├── send@0.16.2
63 silly currentTree ├── serve-static@1.13.2
63 silly currentTree ├── setprototypeof@1.1.0
63 silly currentTree ├── statuses@1.4.0
63 silly currentTree ├── supervisor@0.11.0
63 silly currentTree ├── timers-ext@0.1.5
63 silly currentTree ├── type-is@1.6.16
63 silly currentTree ├── ultron@1.0.2
63 silly currentTree ├── unpipe@1.0.0
63 silly currentTree ├── utils-merge@1.0.1
63 silly currentTree ├── vary@1.1.2
63 silly currentTree └── ws@1.1.5
64 silly idealTree expressjs@1.0.0
64 silly idealTree ├── accepts@1.3.5
64 silly idealTree ├── ansi-regex@2.1.1
64 silly idealTree ├── array-flatten@1.1.1
64 silly idealTree ├── body-parser@1.18.2
64 silly idealTree ├── bytes@3.0.0
64 silly idealTree ├── cli-color@1.1.0
64 silly idealTree ├── commander@2.9.0
64 silly idealTree ├── content-disposition@0.5.2
64 silly idealTree ├── content-type@1.0.4
64 silly idealTree ├── cookie-signature@1.0.6
64 silly idealTree ├── cookie@0.3.1
64 silly idealTree ├── d@0.1.1
64 silly idealTree ├── death@1.0.0
64 silly idealTree ├── debug@2.6.9
64 silly idealTree ├── depd@1.1.2
64 silly idealTree ├── destroy@1.0.4
64 silly idealTree ├── ee-first@1.1.1
64 silly idealTree ├── ejs@2.5.8
64 silly idealTree ├── encodeurl@1.0.2
64 silly idealTree ├── es5-ext@0.10.42
64 silly idealTree ├─┬ es6-iterator@2.0.3
64 silly idealTree │ └── d@1.0.0
64 silly idealTree ├─┬ es6-symbol@3.1.1
64 silly idealTree │ └── d@1.0.0
64 silly idealTree ├─┬ es6-weak-map@0.1.4
64 silly idealTree │ ├── es6-iterator@0.1.3
64 silly idealTree │ └── es6-symbol@2.0.1
64 silly idealTree ├── escape-html@1.0.3
64 silly idealTree ├── etag@1.8.1
64 silly idealTree ├─┬ event-emitter@0.3.5
64 silly idealTree │ └── d@1.0.0
64 silly idealTree ├── express@4.16.3
64 silly idealTree ├── finalhandler@1.1.1
64 silly idealTree ├── forwarded@0.1.2
64 silly idealTree ├── fresh@0.5.2
64 silly idealTree ├── graceful-readlink@1.0.1
64 silly idealTree ├── http-errors@1.6.3
64 silly idealTree ├── iconv-lite@0.4.19
64 silly idealTree ├── inherits@2.0.3
64 silly idealTree ├── ipaddr.js@1.6.0
64 silly idealTree ├── lru-queue@0.1.0
64 silly idealTree ├── media-typer@0.3.0
64 silly idealTree ├─┬ memoizee@0.3.10
64 silly idealTree │ └── next-tick@0.2.2
64 silly idealTree ├── merge-descriptors@1.0.1
64 silly idealTree ├── methods@1.1.2
64 silly idealTree ├── mime-db@1.33.0
64 silly idealTree ├── mime-types@2.1.18
64 silly idealTree ├── mime@1.4.1
64 silly idealTree ├── minimist@1.2.0
64 silly idealTree ├── ms@2.0.0
64 silly idealTree ├── negotiator@0.6.1
64 silly idealTree ├── next-tick@1.0.0
64 silly idealTree ├── on-finished@2.3.0
64 silly idealTree ├── open@0.0.5
64 silly idealTree ├── options@0.0.6
64 silly idealTree ├── parseurl@1.3.2
64 silly idealTree ├── path-to-regexp@0.1.7
64 silly idealTree ├── proxy-addr@2.0.3
64 silly idealTree ├── qs@6.5.1
64 silly idealTree ├── range-parser@1.2.0
64 silly idealTree ├─┬ raw-body@2.3.2
64 silly idealTree │ ├── depd@1.1.1
64 silly idealTree │ ├── http-errors@1.6.2
64 silly idealTree │ └── setprototypeof@1.0.3
64 silly idealTree ├─┬ reload@1.1.7
64 silly idealTree │ ├── debug@2.2.0
64 silly idealTree │ ├── etag@1.7.0
64 silly idealTree │ ├── express@4.14.1
64 silly idealTree │ ├── finalhandler@0.5.1
64 silly idealTree │ ├── fresh@0.3.0
64 silly idealTree │ ├── http-errors@1.5.1
64 silly idealTree │ ├── ipaddr.js@1.4.0
64 silly idealTree │ ├── mime@1.3.4
64 silly idealTree │ ├── ms@0.7.1
64 silly idealTree │ ├── proxy-addr@1.1.5
64 silly idealTree │ ├── qs@6.2.0
64 silly idealTree │ ├─┬ send@0.14.2
64 silly idealTree │ │ └── ms@0.7.2
64 silly idealTree │ ├── serve-static@1.11.2
64 silly idealTree │ ├── setprototypeof@1.0.2
64 silly idealTree │ ├── statuses@1.3.1
64 silly idealTree │ └── utils-merge@1.0.0
64 silly idealTree ├── safe-buffer@5.1.1
64 silly idealTree ├── send@0.16.2
64 silly idealTree ├── serve-static@1.13.2
64 silly idealTree ├── setprototypeof@1.1.0
64 silly idealTree ├── statuses@1.4.0
64 silly idealTree ├── supervisor@0.11.0
64 silly idealTree ├── timers-ext@0.1.5
64 silly idealTree ├── type-is@1.6.16
64 silly idealTree ├── ultron@1.0.2
64 silly idealTree ├── unpipe@1.0.0
64 silly idealTree ├── utils-merge@1.0.1
64 silly idealTree ├── vary@1.1.2
64 silly idealTree └── ws@1.1.5
65 silly generateActionsToTake Starting
66 silly install generateActionsToTake
67 warn checkPermissions Missing write access to /Users/Arcadio/Desktop/599_ex5/node_modules
68 silly rollbackFailedOptional Starting
69 silly rollbackFailedOptional Finishing
70 silly runTopLevelLifecycles Starting
71 silly runTopLevelLifecycles Finishing
72 silly install printInstalled
73 warn expressjs@1.0.0 No repository field.
74 verbose stack Error: EACCES: permission denied, access '/Users/Arcadio/Desktop/599_ex5/node_modules'
74 verbose stack     at Error (native)
75 verbose cwd /Users/Arcadio/Desktop/599_ex5
76 error Darwin 17.5.0
77 error argv "/usr/local/bin/node" "/usr/local/bin/npm" "install" "ejs" "--save"
78 error node v6.7.0
79 error npm  v3.10.3
80 error path /Users/Arcadio/Desktop/599_ex5/node_modules
81 error code EACCES
82 error errno -13
83 error syscall access
84 error Error: EACCES: permission denied, access '/Users/Arcadio/Desktop/599_ex5/node_modules'
84 error     at Error (native)
84 error  { Error: EACCES: permission denied, access '/Users/Arcadio/Desktop/599_ex5/node_modules'
84 error     at Error (native)
84 error   errno: -13,
84 error   code: 'EACCES',
84 error   syscall: 'access',
84 error   path: '/Users/Arcadio/Desktop/599_ex5/node_modules' }
85 error Please try running this command again as root/Administrator.
86 verbose exit [ -13, true ]
